[templates.envytheme.com/humpty/default/index.html]
[backblue.gif]
[fade.gif]
[index.html]
[templates.envytheme.com/humpty/default/assets/css/bootstrap.min.css]
[templates.envytheme.com/humpty/default/assets/css/owl.carousel.min.css]
[templates.envytheme.com/humpty/default/assets/css/owl.theme.default.min.css]
[templates.envytheme.com/humpty/default/assets/css/animate.css]
[templates.envytheme.com/humpty/default/assets/css/font-awesome.min.css]
[templates.envytheme.com/humpty/default/assets/css/flaticon.css]
[templates.envytheme.com/humpty/default/assets/css/magnific-popup.css]
[templates.envytheme.com/humpty/default/assets/css/slick.css]
[templates.envytheme.com/humpty/default/assets/css/meanmenu.css]
[templates.envytheme.com/humpty/default/assets/css/style.css]
[templates.envytheme.com/humpty/default/assets/css/responsive.css]
[templates.envytheme.com/humpty/default/assets/img/favicon.png]
[templates.envytheme.com/humpty/default/assets/img/child-logo.png]
[templates.envytheme.com/humpty/default/home-2.html]
[templates.envytheme.com/humpty/default/about.html]
[templates.envytheme.com/humpty/default/services.html]
[templates.envytheme.com/humpty/default/service-details.html]
[templates.envytheme.com/humpty/default/event.html]
[templates.envytheme.com/humpty/default/pricing.html]
[templates.envytheme.com/humpty/default/team.html]
[templates.envytheme.com/humpty/default/blog.html]
[templates.envytheme.com/humpty/default/blog-left-sidebar.html]
[templates.envytheme.com/humpty/default/blog-right-sidebar.html]
[templates.envytheme.com/humpty/default/blog-details.html]
[templates.envytheme.com/humpty/default/shop.html]
[templates.envytheme.com/humpty/default/shop-left-sidebar.html]
[templates.envytheme.com/humpty/default/shop-right-sidebar.html]
[templates.envytheme.com/humpty/default/shop-details.html]
[templates.envytheme.com/humpty/default/cart.html]
[templates.envytheme.com/humpty/default/program-details.html]
[templates.envytheme.com/humpty/default/contact.html]
[templates.envytheme.com/humpty/default/faq.html]
[templates.envytheme.com/humpty/default/404.html]
[templates.envytheme.com/humpty/default/.search]
[templates.envytheme.com/humpty/default/assets/img/modal-bg.png]
[templates.envytheme.com/humpty/default/3]
[templates.envytheme.com/humpty/default/assets/img/slider/slider-img2.png]
[templates.envytheme.com/humpty/default/assets/img/slider/banner-shape.png]
[templates.envytheme.com/humpty/default/assets/img/shape/slider-shape.png]
[templates.envytheme.com/humpty/default/assets/img/slider/slider-img.png]
[templates.envytheme.com/humpty/default/assets/img/slider/shape1.png]
[templates.envytheme.com/humpty/default/assets/img/slider/shape2.png]
[templates.envytheme.com/humpty/default/assets/img/slider/shape3.png]
[templates.envytheme.com/humpty/default/assets/img/slider/shape4.png]
[templates.envytheme.com/humpty/default/assets/img/feature/ibg1.png]
[templates.envytheme.com/humpty/default/assets/img/feature/ibg2.png]
[templates.envytheme.com/humpty/default/assets/img/feature/ibg3.png]
[templates.envytheme.com/humpty/default/assets/img/feature/ibg4.png]
[templates.envytheme.com/humpty/default/assets/img/title-border.png]
[templates.envytheme.com/humpty/default/assets/img/about/bg-shapes-3.png]
[templates.envytheme.com/humpty/default/assets/img/about/about-bg2.png]
[templates.envytheme.com/humpty/default/assets/img/shape/shape1.png]
[templates.envytheme.com/humpty/default/assets/img/shape/shape2.png]
[templates.envytheme.com/humpty/default/assets/img/shape/shape3.png]
[templates.envytheme.com/humpty/default/assets/img/shape/shape4.png]
[templates.envytheme.com/humpty/default/assets/img/feature/1.png]
[templates.envytheme.com/humpty/default/assets/img/feature/2.png]
[templates.envytheme.com/humpty/default/assets/img/feature/3.png]
[templates.envytheme.com/humpty/default/assets/img/feature/4.png]
[templates.envytheme.com/humpty/default/assets/img/feature/5.png]
[templates.envytheme.com/humpty/default/assets/img/shape/shape7.png]
[templates.envytheme.com/humpty/default/assets/img/shape/shape8.png]
[templates.envytheme.com/humpty/default/assets/img/shape/shape9.png]
[templates.envytheme.com/humpty/default/assets/img/shape/shape10.png]
[templates.envytheme.com/humpty/default/assets/img/shape/shape11.png]
[templates.envytheme.com/humpty/default/assets/img/shape/shape12.png]
[templates.envytheme.com/humpty/default/assets/img/program/1.png]
[templates.envytheme.com/humpty/default/assets/img/program/2.png]
[templates.envytheme.com/humpty/default/assets/img/program/3.png]
[templates.envytheme.com/humpty/default/assets/img/plan/shape3.png]
[templates.envytheme.com/humpty/default/assets/img/plan/shape1.png]
[templates.envytheme.com/humpty/default/assets/img/plan/shape2.png]
[templates.envytheme.com/humpty/default/assets/img/title-border2.png]
[templates.envytheme.com/humpty/default/assets/img/testimonial/slider-img1.png]
[templates.envytheme.com/humpty/default/assets/img/testimonial/slider-img2.png]
[templates.envytheme.com/humpty/default/assets/img/testimonial/slider-img5.png]
[templates.envytheme.com/humpty/default/assets/img/testimonial/slider-img4.png]
[templates.envytheme.com/humpty/default/assets/img/member/1.png]
[templates.envytheme.com/humpty/default/assets/img/member/2.png]
[templates.envytheme.com/humpty/default/assets/img/member/3.png]
[templates.envytheme.com/humpty/default/assets/img/logo/1.png]
[templates.envytheme.com/humpty/default/assets/img/logo/2.png]
[templates.envytheme.com/humpty/default/assets/img/logo/3.png]
[templates.envytheme.com/humpty/default/assets/img/logo/4.png]
[templates.envytheme.com/humpty/default/assets/img/blog/1.jpg]
[templates.envytheme.com/humpty/default/assets/img/blog/2.jpg]
[templates.envytheme.com/humpty/default/assets/img/blog/9.jpg]
[templates.envytheme.com/humpty/default/assets/img/blog/5.png]
[templates.envytheme.com/humpty/default/assets/img/blog/6.png]
[templates.envytheme.com/cdn-cgi/scripts/5c5dd728/cloudflare-static/email-decode.min.js]
[templates.envytheme.com/humpty/default/assets/js/jquery-1.12.4.min.js]
[templates.envytheme.com/humpty/default/assets/js/popper.min.js]
[templates.envytheme.com/humpty/default/assets/js/bootstrap.min.js]
[templates.envytheme.com/humpty/default/assets/js/owl.carousel.min.js]
[templates.envytheme.com/humpty/default/assets/js/jquery.magnific-popup.min.js]
[templates.envytheme.com/humpty/default/assets/js/slick.min.js]
[templates.envytheme.com/humpty/default/assets/js/wow.min.js]
[templates.envytheme.com/humpty/default/assets/js/jquery.meanmenu.js]
[templates.envytheme.com/humpty/default/index.html]
[templates.envytheme.com/humpty/default/assets/css/bootstrap.min.css]
[templates.envytheme.com/humpty/default/assets/js/active.js]
[templates.envytheme.com/humpty/default/assets/css/owl.video.play.png]
[templates.envytheme.com/humpty/default/assets/css/owl.carousel.min.css]
[templates.envytheme.com/humpty/default/assets/css/owl.theme.default.min.css]
[templates.envytheme.com/humpty/default/assets/css/animate.css]
[templates.envytheme.com/humpty/default/assets/fonts/fontawesome-webfont3e6e.eot]
[templates.envytheme.com/humpty/default/assets/fonts/fontawesome-webfontd41d.eot]
[templates.envytheme.com/humpty/default/assets/fonts/fontawesome-webfont3e6e.woff2]
[templates.envytheme.com/humpty/default/assets/fonts/fontawesome-webfont3e6e.woff]
[templates.envytheme.com/humpty/default/assets/fonts/fontawesome-webfont3e6e.ttf]
[templates.envytheme.com/humpty/default/assets/fonts/fontawesome-webfont3e6e.svg]
[templates.envytheme.com/humpty/default/assets/css/font-awesome.min.css]
[templates.envytheme.com/humpty/default/assets/fonts/Flaticon.eot]
[templates.envytheme.com/humpty/default/assets/fonts/Flaticond41d.eot]
[templates.envytheme.com/humpty/default/assets/fonts/Flaticon.woff2]
[templates.envytheme.com/humpty/default/assets/fonts/Flaticon.woff]
[templates.envytheme.com/humpty/default/assets/fonts/Flaticon.ttf]
[templates.envytheme.com/humpty/default/assets/fonts/Flaticon.svg]
[templates.envytheme.com/humpty/default/assets/css/flaticon.css]
[templates.envytheme.com/humpty/default/assets/css/magnific-popup.css]
[templates.envytheme.com/humpty/default/assets/css/slick.css]
[templates.envytheme.com/humpty/default/assets/css/meanmenu.css]
[templates.envytheme.com/humpty/default/assets/img/button-bg.png]
[templates.envytheme.com/humpty/default/assets/img/about/bg-shapes-1.png]
[templates.envytheme.com/humpty/default/assets/img/about/bg-shapes-2.png]
[templates.envytheme.com/humpty/default/assets/img/choose/ico-1.png]
[templates.envytheme.com/humpty/default/assets/img/choose/ico-2.png]
[templates.envytheme.com/humpty/default/assets/img/choose/ico-3.png]
[templates.envytheme.com/humpty/default/assets/img/choose/ico-4.png]
[templates.envytheme.com/humpty/default/assets/img/footer-shape.png]
[templates.envytheme.com/humpty/default/assets/img/button-bg2.png]
[templates.envytheme.com/humpty/default/assets/img/all-banner-img/4.jpg]
[templates.envytheme.com/humpty/default/assets/img/all-banner-img/3.jpg]
[templates.envytheme.com/humpty/default/assets/img/all-banner-img/1.jpg]
[templates.envytheme.com/humpty/default/assets/img/all-banner-img/2.jpg]
[templates.envytheme.com/humpty/default/assets/img/all-banner-img/5.jpg]
[templates.envytheme.com/humpty/default/assets/img/all-banner-img/6.jpg]
[templates.envytheme.com/humpty/default/assets/img/all-banner-img/7.jpg]
[templates.envytheme.com/humpty/default/assets/img/all-banner-img/8.jpg]
[templates.envytheme.com/humpty/default/assets/img/all-banner-img/9.jpg]
[templates.envytheme.com/humpty/default/assets/img/all-banner-img/10.jpg]
[templates.envytheme.com/humpty/default/assets/img/about/daycare-bg.jpg]
[templates.envytheme.com/humpty/default/assets/img/404two.jpg]
[templates.envytheme.com/humpty/default/assets/css/style.css]
[templates.envytheme.com/humpty/default/assets/css/responsive.css]
[templates.envytheme.com/humpty/default/assets/img/about/about-bg.png]
[templates.envytheme.com/humpty/default/assets/img/work/icon1.png]
[templates.envytheme.com/humpty/default/assets/img/work/icon2.png]
[templates.envytheme.com/humpty/default/assets/img/work/icon3.png]
[templates.envytheme.com/humpty/default/assets/img/shape/shape5.png]
[templates.envytheme.com/humpty/default/assets/img/work/bg-shape2.png]
[templates.envytheme.com/humpty/default/assets/img/choose/ico-bg.png]
[templates.envytheme.com/humpty/default/assets/img/choose/ico-bg2.png]
[templates.envytheme.com/humpty/default/assets/img/choose/ico-bg3.png]
[templates.envytheme.com/humpty/default/assets/img/choose/ico-bg4.png]
[templates.envytheme.com/humpty/default/assets/img/service/ico1.png]
[templates.envytheme.com/humpty/default/assets/img/service/ico2.png]
[templates.envytheme.com/humpty/default/assets/img/service/ico3.png]
[templates.envytheme.com/humpty/default/assets/img/testimonial/cardbg-1.png]
[templates.envytheme.com/humpty/default/assets/img/testimonial/ico-1.png]
[templates.envytheme.com/humpty/default/assets/img/testimonial/cardbg-2.png]
[templates.envytheme.com/humpty/default/assets/img/testimonial/ico-2.png]
[templates.envytheme.com/humpty/default/assets/img/testimonial/cardbg-3.png]
[templates.envytheme.com/humpty/default/assets/img/testimonial/ico-3.png]
[templates.envytheme.com/humpty/default/assets/img/testimonial/bottom-bg1.png]
[templates.envytheme.com/humpty/default/assets/img/testimonial/bottom-bg2.png]
[templates.envytheme.com/humpty/default/assets/img/testimonial/bottom-bg3.png]
[templates.envytheme.com/humpty/default/assets/img/testimonial/bottom-bg4.png]
[templates.envytheme.com/humpty/default/assets/img/testimonial/bottom-bg5.png]
[templates.envytheme.com/humpty/default/assets/img/testimonial/bottom-bg6.png]
[templates.envytheme.com/humpty/default/assets/img/blog/10.jpg]
[templates.envytheme.com/humpty/default/assets/img/blog/11.jpg]
[templates.envytheme.com/humpty/default/assets/img/blog/12.jpg]
[templates.envytheme.com/humpty/default/home-2.html]
[templates.envytheme.com/humpty/default/assets/img/baby-sitter/1.jpg]
[templates.envytheme.com/humpty/default/assets/img/baby-sitter/2.jpg]
[templates.envytheme.com/humpty/default/assets/img/baby-sitter/3.jpg]
[templates.envytheme.com/humpty/default/about.html]
[templates.envytheme.com/humpty/default/assets/img/service/ico4.png]
[templates.envytheme.com/humpty/default/assets/img/service/ico5.png]
[templates.envytheme.com/humpty/default/assets/img/service/ico6.png]
[templates.envytheme.com/humpty/default/assets/img/service/ico7.png]
[templates.envytheme.com/humpty/default/assets/img/service/ico8.png]
[templates.envytheme.com/humpty/default/assets/img/service/ico9.png]
[templates.envytheme.com/humpty/default/services.html]
[templates.envytheme.com/humpty/default/assets/img/service/1.jpg]
[templates.envytheme.com/humpty/default/service-details.html]
[templates.envytheme.com/humpty/default/assets/img/event/1.jpg]
[templates.envytheme.com/humpty/default/assets/img/event/2.jpg]
[templates.envytheme.com/humpty/default/assets/img/event/3.jpg]
[templates.envytheme.com/humpty/default/assets/img/event/4.jpg]
[templates.envytheme.com/humpty/default/assets/img/event/5.jpg]
[templates.envytheme.com/humpty/default/event.html]
[templates.envytheme.com/humpty/default/pricing.html]
[templates.envytheme.com/humpty/default/assets/img/team/1.png]
[templates.envytheme.com/humpty/default/assets/img/team/2.png]
[templates.envytheme.com/humpty/default/assets/img/team/3.png]
[templates.envytheme.com/humpty/default/assets/img/team/4.png]
[templates.envytheme.com/humpty/default/assets/img/team/5.png]
[templates.envytheme.com/humpty/default/assets/img/team/6.png]
[templates.envytheme.com/humpty/default/assets/img/team/7.png]
[templates.envytheme.com/humpty/default/assets/img/team/8.png]
[templates.envytheme.com/humpty/default/assets/img/team/9.png]
[templates.envytheme.com/humpty/default/team.html]
[templates.envytheme.com/humpty/default/assets/img/blog/14.jpg]
[templates.envytheme.com/humpty/default/assets/img/blog/15.jpg]
[templates.envytheme.com/humpty/default/assets/img/blog/16.jpg]
[templates.envytheme.com/humpty/default/assets/img/blog/17.jpg]
[templates.envytheme.com/humpty/default/assets/img/blog/13.jpg]
[templates.envytheme.com/humpty/default/blog.html]
[templates.envytheme.com/humpty/default/assets/img/blog/title-img.png]
[templates.envytheme.com/humpty/default/assets/img/shop/post1.jpg]
[templates.envytheme.com/humpty/default/assets/img/shop/post2.jpg]
[templates.envytheme.com/humpty/default/assets/img/shop/post3.jpg]
[templates.envytheme.com/humpty/default/blog-left-sidebar.html]
[templates.envytheme.com/humpty/default/blog-right-sidebar.html]
[templates.envytheme.com/humpty/default/assets/img/blog/8.jpg]
[templates.envytheme.com/humpty/default/blog-details.html]
[templates.envytheme.com/humpty/default/assets/img/shop/1.png]
[templates.envytheme.com/humpty/default/assets/img/shop/2.png]
[templates.envytheme.com/humpty/default/assets/img/shop/3.png]
[templates.envytheme.com/humpty/default/assets/img/shop/4.png]
[templates.envytheme.com/humpty/default/assets/img/shop/5.png]
[templates.envytheme.com/humpty/default/assets/img/shop/6.png]
[templates.envytheme.com/humpty/default/assets/img/shop/7.png]
[templates.envytheme.com/humpty/default/assets/img/shop/8.png]
[templates.envytheme.com/humpty/default/assets/img/shop/9.png]
[templates.envytheme.com/humpty/default/shop.html]
[templates.envytheme.com/humpty/default/shop-left-sidebar.html]
[templates.envytheme.com/humpty/default/shop-right-sidebar.html]
[templates.envytheme.com/humpty/default/assets/img/shop/10.jpg]
[templates.envytheme.com/humpty/default/assets/img/shop/11.jpg]
[templates.envytheme.com/humpty/default/assets/img/shop/12.jpg]
[templates.envytheme.com/humpty/default/assets/img/shop/13.jpg]
[templates.envytheme.com/humpty/default/assets/img/shop/14.jpg]
[templates.envytheme.com/humpty/default/assets/img/shop/15.jpg]
[templates.envytheme.com/humpty/default/assets/img/shop/16.jpg]
[templates.envytheme.com/humpty/default/assets/img/shop/17.jpg]
[templates.envytheme.com/humpty/default/shop-details.html]
[templates.envytheme.com/humpty/default/cart.html]
[templates.envytheme.com/humpty/default/assets/img/program/4.jpg]
[templates.envytheme.com/humpty/default/program-details.html]
[templates.envytheme.com/humpty/default/contact.html]
[templates.envytheme.com/humpty/default/faq.html]
[templates.envytheme.com/humpty/default/assets/img/404.png]
[templates.envytheme.com/humpty/default/404.html]
[templates.envytheme.com/humpty/default/.html]
[templates.envytheme.com/humpty/default/3.html]
[templates.envytheme.com/humpty/default/assets/css/owl.video.play.html]
[templates.envytheme.com/humpty/default/assets/fonts/fontawesome-webfont3e6e.html]
[templates.envytheme.com/humpty/default/assets/fonts/Flaticon.html]
